<?xml version="1.0" encoding="UTF-8"?>
<!-- Generated by org.testng.reporters.JUnitXMLReporter -->
<testsuite ignored="0" hostname="shraddhas-Air" failures="1" tests="8" name="Functional Testing" time="28.933" errors="0" timestamp="2023-12-03T19:13:08 CET">
  <testcase classname="ui.LoginTest" name="aTest1" time="0.009"/>
  <testcase classname="ui.LoginTest" name="aTest2" time="0.001"/>
  <testcase classname="ui.VerifyTitleTest" name="titleTest" time="12.998"/>
  <testcase classname="ui.GroupDemoTest" name="aTest1" time="0.003"/>
  <testcase classname="ui.GroupDemoTest" name="aTest2" time="0.002"/>
  <testcase classname="ui.GroupDemoTest" name="aTest3" time="0.001"/>
  <testcase classname="ui.GroupDemoTest" name="aTest4" time="0.001"/>
  <testcase classname="ui.VerifyTitleAndTextTest" name="titleTest" time="15.791">
    <failure type="java.lang.AssertionError" message="Electronics, Cars, Fashion, Collectibles &amp;amp; More | eBay expected:&amp;lt;Electronics, Cars, Fashion, Collectibles &amp;amp; More | eBay&amp;gt; but was:&amp;lt;Title verification failed&amp;gt;">
      <![CDATA[java.lang.AssertionError: Electronics, Cars, Fashion, Collectibles & More | eBay expected:<Electronics, Cars, Fashion, Collectibles & More | eBay> but was:<Title verification failed>
at ui.VerifyTitleAndTextTest.titleTest(VerifyTitleAndTextTest.java:33)
at java.base/java.util.ArrayList.forEach(ArrayList.java:1511)
... Removed 29 stack frames]]>
    </failure>
  </testcase> <!-- titleTest -->
</testsuite> <!-- Functional Testing -->
